========== fold: 0 training ==========
Epoch 1 - avg_train_loss: 0.3082  avg_val_loss: 0.3168  time: 447s
Epoch 1 - the pf1: 0.0622  aggregate: mean_blend:0.0599   max_blend: 0.0584
Epoch 1 - f1_score:0.0835   auc: 0.6857
Epoch 1 - the optimal pf1: 0.1011   thresh:0.8200
Epoch 1 - Save Best Score: 0.0622 Model
Epoch 2 - avg_train_loss: 0.1466  avg_val_loss: 0.1534  time: 446s
Epoch 2 - the pf1: 0.0891  aggregate: mean_blend:0.0839   max_blend: 0.0950
Epoch 2 - f1_score:0.0920   auc: 0.6740
Epoch 2 - the optimal pf1: 0.1064   thresh:0.2400
Epoch 2 - Save Best Score: 0.0891 Model
Epoch 3 - avg_train_loss: 0.1111  avg_val_loss: 0.1639  time: 443s
Epoch 3 - the pf1: 0.0690  aggregate: mean_blend:0.0655   max_blend: 0.0871
Epoch 3 - f1_score:0.0725   auc: 0.6591
Epoch 3 - the optimal pf1: 0.0777   thresh:0.2000
Epoch 4 - avg_train_loss: 0.0808  avg_val_loss: 0.1742  time: 444s
Epoch 4 - the pf1: 0.0573  aggregate: mean_blend:0.0532   max_blend: 0.0828
Epoch 4 - f1_score:0.0464   auc: 0.6362
Epoch 4 - the optimal pf1: 0.0752   thresh:0.1200
========== fold: 0 training ==========
========== fold: 0 training ==========
Epoch 1 - avg_train_loss: 0.2594  avg_val_loss: 0.1122  time: 448s
Epoch 1 - the pf1: 0.0629  aggregate: mean_blend:0.0622   max_blend: 0.0683
Epoch 1 - f1_score:0.0846   auc: 0.6645
Epoch 1 - the optimal pf1: 0.0970   thresh:0.4400
Epoch 1 - Save Best Score: 0.0629 Model
Epoch 2 - avg_train_loss: 0.1536  avg_val_loss: 0.1132  time: 450s
Epoch 2 - the pf1: 0.0548  aggregate: mean_blend:0.0530   max_blend: 0.0645
Epoch 2 - f1_score:0.0520   auc: 0.6422
Epoch 2 - the optimal pf1: 0.0810   thresh:0.2200
Epoch 3 - avg_train_loss: 0.1138  avg_val_loss: 0.1364  time: 442s
Epoch 3 - the pf1: 0.0488  aggregate: mean_blend:0.0447   max_blend: 0.0627
Epoch 3 - f1_score:0.0385   auc: 0.6660
Epoch 3 - the optimal pf1: 0.0759   thresh:0.0400
Epoch 4 - avg_train_loss: 0.0869  avg_val_loss: 0.1680  time: 444s
Epoch 4 - the pf1: 0.0824  aggregate: mean_blend:0.0785   max_blend: 0.1111
Epoch 4 - f1_score:0.0790   auc: 0.6396
Epoch 4 - the optimal pf1: 0.1018   thresh:0.0200
Epoch 4 - Save Best Score: 0.0824 Model
Epoch 5 - avg_train_loss: 0.0671  avg_val_loss: 0.1969  time: 446s
Epoch 5 - the pf1: 0.0962  aggregate: mean_blend:0.0933   max_blend: 0.1262
Epoch 5 - f1_score:0.0978   auc: 0.6354
Epoch 5 - the optimal pf1: 0.1061   thresh:0.1200
Epoch 5 - Save Best Score: 0.0962 Model
Epoch 6 - avg_train_loss: 0.0530  avg_val_loss: 0.2096  time: 440s
Epoch 6 - the pf1: 0.1234  aggregate: mean_blend:0.1213   max_blend: 0.1275
Epoch 6 - f1_score:0.1285   auc: 0.6588
Epoch 6 - the optimal pf1: 0.1398   thresh:0.9200
Epoch 6 - Save Best Score: 0.1234 Model
Epoch 7 - avg_train_loss: 0.0383  avg_val_loss: 0.1977  time: 446s
Epoch 7 - the pf1: 0.0425  aggregate: mean_blend:0.0422   max_blend: 0.0711
Epoch 7 - f1_score:0.0401   auc: 0.6411
Epoch 7 - the optimal pf1: 0.0928   thresh:0.0200
Epoch 8 - avg_train_loss: 0.0288  avg_val_loss: 0.1994  time: 447s
Epoch 8 - the pf1: 0.0374  aggregate: mean_blend:0.0337   max_blend: 0.0680
Epoch 8 - f1_score:0.0324   auc: 0.6286
Epoch 8 - the optimal pf1: 0.0798   thresh:0.0200
========== fold: 0 training ==========
========== fold: 0 training ==========
========== fold: 0 training ==========
========== fold: 0 training ==========
========== fold: 0 training ==========
Epoch 1 - avg_train_loss: 0.1988  avg_val_loss: 0.0653  time: 14s
Epoch 1 - the pf1: 0.0201  the optimal pf1: 0.0741   thresh:0.0800 
Epoch 1 - f1_score:0.0741   auc: 0.7573
Epoch 1 - aggregate: mean_blend:0.0218   aggregate:0.05128205128205127(0.04)                                                       max_blend: 0.0254   aggregate:0.1111111111111111(0.08) 
Epoch 1 - Save Best Score: 0.0201 Model
Epoch 2 - avg_train_loss: 0.0842  avg_val_loss: 0.0518  time: 11s
Epoch 2 - the pf1: 0.0190  the optimal pf1: 0.0588   thresh:0.0400 
Epoch 2 - f1_score:0.0588   auc: 0.7448
Epoch 2 - aggregate: mean_blend:0.0203   aggregate:0.04878048780487806(0.02)                                                       max_blend: 0.0253   aggregate:0.0909090909090909(0.04) 
========== fold: 0 result ==========
0.018963773628019796
========== fold: 1 training ==========
Epoch 1 - avg_train_loss: 0.1825  avg_val_loss: 0.1936  time: 12s
Epoch 1 - the pf1: 0.0193  the optimal pf1: 0.0769   thresh:0.0000 
Epoch 1 - f1_score:0.0769   auc: 0.3908
Epoch 1 - aggregate: mean_blend:0.0200   aggregate:0.08547008547008547(0.0)                                                       max_blend: 0.0243   aggregate:0.09999999999999999(0.02) 
Epoch 1 - Save Best Score: 0.0193 Model
Epoch 2 - avg_train_loss: 0.0519  avg_val_loss: 0.2058  time: 11s
Epoch 2 - the pf1: 0.0124  the optimal pf1: 0.0769   thresh:0.0000 
Epoch 2 - f1_score:0.0769   auc: 0.5587
Epoch 2 - aggregate: mean_blend:0.0126   aggregate:0.08547008547008547(0.0)                                                       max_blend: 0.0145   aggregate:0.08547008547008547(0.0) 
========== fold: 1 result ==========
0.012388336179115259
========== CV ==========
0.01493875910488949
0.015489542088998555
0.018976740730466943
========== fold: 0 training ==========
Epoch 1 - avg_train_loss: 0.1988  avg_val_loss: 0.0653  time: 15s
Epoch 1 - the pf1: 0.0201  the optimal pf1: 0.0741   thresh:0.0800 
Epoch 1 - f1_score:0.0741   auc: 0.7573
Epoch 1 - aggregate: mean_blend:0.0218   aggregate:0.05128205128205127(0.04) 
Epoch 1 - aggregate: max_blend: 0.0254    aggregate:0.1111111111111111(0.08) 
Epoch 1 - Save Best Score: 0.0201 Model
Epoch 2 - avg_train_loss: 0.0842  avg_val_loss: 0.0518  time: 11s
Epoch 2 - the pf1: 0.0190  the optimal pf1: 0.0588   thresh:0.0400 
Epoch 2 - f1_score:0.0588   auc: 0.7448
Epoch 2 - aggregate: mean_blend:0.0203   aggregate:0.04878048780487806(0.02) 
Epoch 2 - aggregate: max_blend: 0.0253    aggregate:0.0909090909090909(0.04) 
========== fold: 0 result ==========
0.018963773628019796
========== fold: 1 training ==========
Epoch 1 - avg_train_loss: 0.1825  avg_val_loss: 0.1936  time: 11s
Epoch 1 - the pf1: 0.0193  the optimal pf1: 0.0769   thresh:0.0000 
Epoch 1 - f1_score:0.0769   auc: 0.3908
Epoch 1 - aggregate: mean_blend:0.0200   aggregate:0.08547008547008547(0.0) 
Epoch 1 - aggregate: max_blend: 0.0243    aggregate:0.09999999999999999(0.02) 
Epoch 1 - Save Best Score: 0.0193 Model
Epoch 2 - avg_train_loss: 0.0519  avg_val_loss: 0.2058  time: 11s
Epoch 2 - the pf1: 0.0124  the optimal pf1: 0.0769   thresh:0.0000 
Epoch 2 - f1_score:0.0769   auc: 0.5587
Epoch 2 - aggregate: mean_blend:0.0126   aggregate:0.08547008547008547(0.0) 
Epoch 2 - aggregate: max_blend: 0.0145    aggregate:0.08547008547008547(0.0) 
========== fold: 1 result ==========
0.012388336179115259
========== CV ==========
0.01493875910488949
0.015489542088998555
0.018976740730466943
========== fold: 0 training ==========
========== fold: 0 training ==========
Epoch 1 - avg_train_loss: 0.1988  avg_val_loss: 0.0653  time: 14s
Epoch 1 - the pf1: 0.0201  the optimal pf1: 0.0741   thresh:0.0800 
Epoch 1 - f1_score:0.0741   auc: 0.7573
Epoch 1 - aggregate: mean_blend:0.0218   aggregate:0.05128205128205127(0.04) 
Epoch 1 - aggregate: max_blend: 0.0254    aggregate:0.1111111111111111(0.08) 
Epoch 1 - Save Best Score: 0.0201 Model
Epoch 2 - avg_train_loss: 0.0842  avg_val_loss: 0.0518  time: 11s
Epoch 2 - the pf1: 0.0190  the optimal pf1: 0.0588   thresh:0.0400 
Epoch 2 - f1_score:0.0588   auc: 0.7448
Epoch 2 - aggregate: mean_blend:0.0203   aggregate:0.04878048780487806(0.02) 
Epoch 2 - aggregate: max_blend: 0.0253    aggregate:0.0909090909090909(0.04) 
========== fold: 0 result ==========
(0.018963773628019796, 0.058823529411764705, 0.04)
========== fold: 1 training ==========
Epoch 1 - avg_train_loss: 0.1825  avg_val_loss: 0.1936  time: 11s
Epoch 1 - the pf1: 0.0193  the optimal pf1: 0.0769   thresh:0.0000 
Epoch 1 - f1_score:0.0769   auc: 0.3908
Epoch 1 - aggregate: mean_blend:0.0200   aggregate:0.08547008547008547(0.0) 
Epoch 1 - aggregate: max_blend: 0.0243    aggregate:0.09999999999999999(0.02) 
Epoch 1 - Save Best Score: 0.0193 Model
Epoch 2 - avg_train_loss: 0.0519  avg_val_loss: 0.2058  time: 11s
Epoch 2 - the pf1: 0.0124  the optimal pf1: 0.0769   thresh:0.0000 
Epoch 2 - f1_score:0.0769   auc: 0.5587
Epoch 2 - aggregate: mean_blend:0.0126   aggregate:0.08547008547008547(0.0) 
Epoch 2 - aggregate: max_blend: 0.0145    aggregate:0.08547008547008547(0.0) 
========== fold: 1 result ==========
(0.012388336179115259, 0.07692307692307693, 0.0)
========== fold: 2 training ==========
Epoch 1 - avg_train_loss: 0.2182  avg_val_loss: 0.0816  time: 12s
Epoch 1 - the pf1: 0.0181  the optimal pf1: 0.0702   thresh:0.0200 
Epoch 1 - f1_score:0.0702   auc: 0.5446
Epoch 1 - aggregate: mean_blend:0.0190   aggregate:0.07692307692307693(0.02) 
Epoch 1 - aggregate: max_blend: 0.0200    aggregate:0.06060606060606061(0.02) 
Epoch 1 - Save Best Score: 0.0181 Model
Epoch 2 - avg_train_loss: 0.0927  avg_val_loss: 0.0862  time: 11s
Epoch 2 - the pf1: 0.0102  the optimal pf1: 0.0308   thresh:0.0000 
Epoch 2 - f1_score:0.0308   auc: 0.5258
Epoch 2 - aggregate: mean_blend:0.0105   aggregate:0.03508771929824561(0.0) 
Epoch 2 - aggregate: max_blend: 0.0105    aggregate:0.03508771929824561(0.0) 
========== fold: 2 result ==========
(0.010164907603329606, 0.03076923076923077, 0.0)
========== fold: 3 training ==========
Epoch 1 - avg_train_loss: 0.2055  avg_val_loss: 0.0710  time: 12s
Epoch 1 - the pf1: 0.0061  the optimal pf1: 0.0157   thresh:0.0000 
Epoch 1 - f1_score:0.0157   auc: 0.1813
Epoch 1 - aggregate: mean_blend:0.0066   aggregate:0.017699115044247787(0.0) 
Epoch 1 - aggregate: max_blend: 0.0064    aggregate:0.02(0.02) 
Epoch 1 - Save Best Score: 0.0061 Model
Epoch 2 - avg_train_loss: 0.0856  avg_val_loss: 0.0643  time: 11s
Epoch 2 - the pf1: 0.0087  the optimal pf1: 0.0157   thresh:0.0000 
Epoch 2 - f1_score:0.0157   auc: 0.3745
Epoch 2 - aggregate: mean_blend:0.0095   aggregate:0.022988505747126436(0.02) 
Epoch 2 - aggregate: max_blend: 0.0103    aggregate:0.020408163265306124(0.02) 
Epoch 2 - Save Best Score: 0.0087 Model
========== fold: 3 result ==========
(0.008732156256255699, 0.01568627450980392, 0.0)
========== CV ==========
(0.012369746324319558, 0.03536345776031434, 0.0)
(0.013004894056333947, 0.03938730853391685, 0.0)
(0.015013843251640064, 0.03938730853391685, 0.0)
========== fold: 0 training ==========
========== fold: 0 training ==========
Epoch 1 - avg_train_loss: 0.1767  avg_val_loss: 0.0837  time: 22s
Epoch 1 - the pf1: 0.0029  the optimal pf1: 0.0249   thresh:0.0000 
Epoch 1 - f1_score:0.0249   auc: 0.3980
Epoch 1 - aggregate: mean_blend:0.0029   aggregate:0.027149321266968326(0.0) 
Epoch 1 - aggregate: max_blend: 0.0034    aggregate:0.027149321266968326(0.0) 
Epoch 1 - Save Best Score: 0.0029 Model
Epoch 2 - avg_train_loss: 0.1437  avg_val_loss: 0.0953  time: 18s
Epoch 2 - the pf1: 0.0011  the optimal pf1: 0.0249   thresh:0.0000 
Epoch 2 - f1_score:0.0249   auc: 0.3166
Epoch 2 - aggregate: mean_blend:0.0011   aggregate:0.027149321266968326(0.0) 
Epoch 2 - aggregate: max_blend: 0.0012    aggregate:0.027149321266968326(0.0) 
========== fold: 0 result ==========
(0.0010803411670009843, 0.02494802494802495, 0.0)
========== fold: 1 training ==========
Epoch 1 - avg_train_loss: 0.1727  avg_val_loss: 0.1201  time: 19s
Epoch 1 - the pf1: 0.0055  the optimal pf1: 0.0394   thresh:0.0000 
Epoch 1 - f1_score:0.0394   auc: 0.6656
Epoch 1 - aggregate: mean_blend:0.0056   aggregate:0.044444444444444446(0.0) 
Epoch 1 - aggregate: max_blend: 0.0064    aggregate:0.044444444444444446(0.0) 
Epoch 1 - Save Best Score: 0.0055 Model
Epoch 2 - avg_train_loss: 0.1368  avg_val_loss: 0.1261  time: 19s
Epoch 2 - the pf1: 0.0041  the optimal pf1: 0.0394   thresh:0.0000 
Epoch 2 - f1_score:0.0394   auc: 0.6939
Epoch 2 - aggregate: mean_blend:0.0041   aggregate:0.044444444444444446(0.0) 
Epoch 2 - aggregate: max_blend: 0.0050    aggregate:0.044444444444444446(0.0) 
========== fold: 1 result ==========
(0.004052423541869503, 0.03937007874015748, 0.0)
========== CV ==========
(0.0029484221110667357, 0.032355915065722954, 0.0)
(0.002979541307626256, 0.03587443946188341, 0.0)
(0.0035659062213455957, 0.03587443946188341, 0.0)
========== fold: 0 training ==========
Epoch 1 - avg_train_loss: 0.1346  avg_val_loss: 0.1224  time: 432s
Epoch 1 - the pf1: 0.0035  the optimal pf1: 0.0375   thresh:0.0000 
Epoch 1 - f1_score:0.0375   auc: 0.5524
Epoch 1 - aggregate: mean_blend:0.0034   aggregate:0.03690280065897858(0.0) 
Epoch 1 - aggregate: max_blend: 0.0037    aggregate:0.03690280065897858(0.0) 
Epoch 1 - Save Best Score: 0.0035 Model
Epoch 2 - avg_train_loss: 0.1353  avg_val_loss: 0.1213  time: 425s
Epoch 2 - the pf1: 0.0044  the optimal pf1: 0.0375   thresh:0.0000 
Epoch 2 - f1_score:0.0375   auc: 0.6329
Epoch 2 - aggregate: mean_blend:0.0043   aggregate:0.03690280065897858(0.0) 
Epoch 2 - aggregate: max_blend: 0.0055    aggregate:0.03690280065897858(0.0) 
Epoch 2 - Save Best Score: 0.0044 Model
Epoch 3 - avg_train_loss: 0.1219  avg_val_loss: 0.1086  time: 422s
Epoch 3 - the pf1: 0.0153  the optimal pf1: 0.0851   thresh:0.0200 
Epoch 3 - f1_score:0.0851   auc: 0.6017
Epoch 3 - aggregate: mean_blend:0.0141   aggregate:0.07804878048780488(0.02) 
Epoch 3 - aggregate: max_blend: 0.0222    aggregate:0.09688581314878894(0.02) 
Epoch 3 - Save Best Score: 0.0153 Model
Epoch 4 - avg_train_loss: 0.1244  avg_val_loss: 0.1072  time: 423s
Epoch 4 - the pf1: 0.0130  the optimal pf1: 0.0850   thresh:0.0200 
Epoch 4 - f1_score:0.0850   auc: 0.6541
Epoch 4 - aggregate: mean_blend:0.0116   aggregate:0.07741935483870967(0.02) 
Epoch 4 - aggregate: max_blend: 0.0175    aggregate:0.09821428571428571(0.02) 
Epoch 5 - avg_train_loss: 0.1093  avg_val_loss: 0.1174  time: 424s
Epoch 5 - the pf1: 0.0303  the optimal pf1: 0.1103   thresh:0.0200 
Epoch 5 - f1_score:0.1103   auc: 0.6789
Epoch 5 - aggregate: mean_blend:0.0253   aggregate:0.11392405063291139(0.02) 
Epoch 5 - aggregate: max_blend: 0.0454    aggregate:0.11158798283261803(0.02) 
Epoch 5 - Save Best Score: 0.0303 Model
Epoch 6 - avg_train_loss: 0.1030  avg_val_loss: 0.1305  time: 423s
Epoch 6 - the pf1: 0.0427  the optimal pf1: 0.0946   thresh:0.0200 
Epoch 6 - f1_score:0.0946   auc: 0.6741
Epoch 6 - aggregate: mean_blend:0.0338   aggregate:0.0898876404494382(0.02) 
Epoch 6 - aggregate: max_blend: 0.0692    aggregate:0.12030075187969926(0.02) 
Epoch 6 - Save Best Score: 0.0427 Model
Epoch 7 - avg_train_loss: 0.0926  avg_val_loss: 0.1225  time: 420s
Epoch 7 - the pf1: 0.0678  the optimal pf1: 0.1360   thresh:0.0200 
Epoch 7 - f1_score:0.1360   auc: 0.6875
Epoch 7 - aggregate: mean_blend:0.0595   aggregate:0.16814159292035397(0.02) 
Epoch 7 - aggregate: max_blend: 0.1008    aggregate:0.16666666666666666(0.02) 
Epoch 7 - Save Best Score: 0.0678 Model
Epoch 8 - avg_train_loss: 0.0816  avg_val_loss: 0.1247  time: 422s
Epoch 8 - the pf1: 0.0521  the optimal pf1: 0.0815   thresh:0.0200 
Epoch 8 - f1_score:0.0815   auc: 0.6922
Epoch 8 - aggregate: mean_blend:0.0461   aggregate:0.16091954022988506(0.02) 
Epoch 8 - aggregate: max_blend: 0.1009    aggregate:0.14379084967320263(0.08) 
========== fold: 0 training ==========
========== fold: 0 training ==========
Epoch 1 - avg_train_loss: 0.1248  avg_val_loss: 0.1174  time: 429s
Epoch 1 - the pf1: 0.0058  the optimal pf1: 0.0375   thresh:0.0000 
Epoch 1 - f1_score:0.0375   auc: 0.5166
Epoch 1 - aggregate: mean_blend:0.0056   aggregate:0.05128205128205128(0.02) 
Epoch 1 - aggregate: max_blend: 0.0074    aggregate:0.04477611940298507(0.02) 
Epoch 1 - Save Best Score: 0.0058 Model
Epoch 2 - avg_train_loss: 0.1375  avg_val_loss: 0.1263  time: 420s
Epoch 2 - the pf1: 0.0047  the optimal pf1: 0.0375   thresh:0.0000 
Epoch 2 - f1_score:0.0375   auc: 0.6757
Epoch 2 - aggregate: mean_blend:0.0043   aggregate:0.03690280065897858(0.0) 
Epoch 2 - aggregate: max_blend: 0.0064    aggregate:0.03690280065897858(0.0) 
Epoch 3 - avg_train_loss: 0.1339  avg_val_loss: 0.1254  time: 419s
Epoch 3 - the pf1: 0.0127  the optimal pf1: 0.0571   thresh:0.0600 
Epoch 3 - f1_score:0.0571   auc: 0.7122
Epoch 3 - aggregate: mean_blend:0.0108   aggregate:0.06153846153846154(0.02) 
Epoch 3 - aggregate: max_blend: 0.0163    aggregate:0.06504065040650406(0.1) 
Epoch 3 - Save Best Score: 0.0127 Model
Epoch 4 - avg_train_loss: 0.1218  avg_val_loss: 0.1194  time: 424s
Epoch 4 - the pf1: 0.0117  the optimal pf1: 0.0375   thresh:0.0000 
Epoch 4 - f1_score:0.0375   auc: 0.6622
Epoch 4 - aggregate: mean_blend:0.0099   aggregate:0.03690280065897858(0.0) 
Epoch 4 - aggregate: max_blend: 0.0207    aggregate:0.03690280065897858(0.0) 
Epoch 5 - avg_train_loss: 0.1077  avg_val_loss: 0.1135  time: 419s
Epoch 5 - the pf1: 0.0934  the optimal pf1: 0.1182   thresh:0.0400 
Epoch 5 - f1_score:0.1182   auc: 0.6858
Epoch 5 - aggregate: mean_blend:0.0840   aggregate:0.14102564102564102(0.28) 
Epoch 5 - aggregate: max_blend: 0.1099    aggregate:0.14285714285714285(0.5) 
Epoch 5 - Save Best Score: 0.0934 Model
Epoch 6 - avg_train_loss: 0.0979  avg_val_loss: 0.1306  time: 420s
Epoch 6 - the pf1: 0.0973  the optimal pf1: 0.1240   thresh:0.0200 
Epoch 6 - f1_score:0.1240   auc: 0.6793
Epoch 6 - aggregate: mean_blend:0.0902   aggregate:0.15447154471544713(0.02) 
Epoch 6 - aggregate: max_blend: 0.1217    aggregate:0.14925373134328357(0.22) 
Epoch 6 - Save Best Score: 0.0973 Model
Epoch 7 - avg_train_loss: 0.0856  avg_val_loss: 0.1269  time: 420s
Epoch 7 - the pf1: 0.0796  the optimal pf1: 0.1050   thresh:0.0800 
Epoch 7 - f1_score:0.1050   auc: 0.6619
Epoch 7 - aggregate: mean_blend:0.0734   aggregate:0.13978494623655913(0.04) 
Epoch 7 - aggregate: max_blend: 0.1026    aggregate:0.14814814814814814(0.08) 
Epoch 8 - avg_train_loss: 0.0752  avg_val_loss: 0.1256  time: 422s
Epoch 8 - the pf1: 0.0870  the optimal pf1: 0.1166   thresh:0.1000 
Epoch 8 - f1_score:0.1166   auc: 0.6676
Epoch 8 - aggregate: mean_blend:0.0808   aggregate:0.14942528735632185(0.04) 
Epoch 8 - aggregate: max_blend: 0.1164    aggregate:0.16279069767441862(0.1) 
Epoch 9 - avg_train_loss: 0.0675  avg_val_loss: 0.1375  time: 423s
Epoch 9 - the pf1: 0.1022  the optimal pf1: 0.1124   thresh:0.2800 
Epoch 9 - f1_score:0.1124   auc: 0.6684
Epoch 9 - aggregate: mean_blend:0.0966   aggregate:0.16129032258064516(0.14) 
Epoch 9 - aggregate: max_blend: 0.1416    aggregate:0.16216216216216214(0.28) 
Epoch 9 - Save Best Score: 0.1022 Model
Epoch 10 - avg_train_loss: 0.0644  avg_val_loss: 0.1419  time: 422s
Epoch 10 - the pf1: 0.1030  the optimal pf1: 0.1203   thresh:0.0400 
Epoch 10 - f1_score:0.1203   auc: 0.6665
Epoch 10 - aggregate: mean_blend:0.0969   aggregate:0.15463917525773194(0.16) 
Epoch 10 - aggregate: max_blend: 0.1416    aggregate:0.16091954022988506(0.72) 
Epoch 10 - Save Best Score: 0.1030 Model
========== fold: 0 result ==========
(0.10297811306608914, 0.12030075187969924, 0.04)
========== fold: 1 training ==========
Epoch 1 - avg_train_loss: 0.1335  avg_val_loss: 0.1129  time: 423s
Epoch 1 - the pf1: 0.0062  the optimal pf1: 0.0374   thresh:0.0000 
Epoch 1 - f1_score:0.0374   auc: 0.6169
Epoch 1 - aggregate: mean_blend:0.0061   aggregate:0.0365793376173999(0.0) 
Epoch 1 - aggregate: max_blend: 0.0075    aggregate:0.0365793376173999(0.0) 
Epoch 1 - Save Best Score: 0.0062 Model
Epoch 2 - avg_train_loss: 0.1339  avg_val_loss: 0.1293  time: 422s
Epoch 2 - the pf1: 0.0032  the optimal pf1: 0.0374   thresh:0.0000 
Epoch 2 - f1_score:0.0374   auc: 0.6931
Epoch 2 - aggregate: mean_blend:0.0033   aggregate:0.0365793376173999(0.0) 
Epoch 2 - aggregate: max_blend: 0.0045    aggregate:0.0365793376173999(0.0) 
Epoch 3 - avg_train_loss: 0.1367  avg_val_loss: 0.1140  time: 420s
Epoch 3 - the pf1: 0.0201  the optimal pf1: 0.1173   thresh:0.0200 
Epoch 3 - f1_score:0.1173   auc: 0.6862
Epoch 3 - aggregate: mean_blend:0.0209   aggregate:0.1517241379310345(0.02) 
Epoch 3 - aggregate: max_blend: 0.0338    aggregate:0.1739130434782609(0.02) 
Epoch 3 - Save Best Score: 0.0201 Model
Epoch 4 - avg_train_loss: 0.1216  avg_val_loss: 0.1073  time: 425s
Epoch 4 - the pf1: 0.0118  the optimal pf1: 0.0391   thresh:0.0200 
Epoch 4 - f1_score:0.0391   auc: 0.6703
Epoch 4 - aggregate: mean_blend:0.0113   aggregate:0.049586776859504134(0.02) 
Epoch 4 - aggregate: max_blend: 0.0159    aggregate:0.05161290322580646(0.02) 
Epoch 5 - avg_train_loss: 0.1083  avg_val_loss: 0.1148  time: 425s
Epoch 5 - the pf1: 0.0591  the optimal pf1: 0.1256   thresh:0.0200 
Epoch 5 - f1_score:0.1256   auc: 0.7002
Epoch 5 - aggregate: mean_blend:0.0602   aggregate:0.19318181818181818(0.02) 
Epoch 5 - aggregate: max_blend: 0.0913    aggregate:0.16935483870967746(0.02) 
Epoch 5 - Save Best Score: 0.0591 Model
Epoch 6 - avg_train_loss: 0.0992  avg_val_loss: 0.1259  time: 420s
Epoch 6 - the pf1: 0.0533  the optimal pf1: 0.1018   thresh:0.0200 
Epoch 6 - f1_score:0.1018   auc: 0.6888
Epoch 6 - aggregate: mean_blend:0.0533   aggregate:0.11538461538461539(0.02) 
Epoch 6 - aggregate: max_blend: 0.0859    aggregate:0.14689265536723164(0.02) 
Epoch 7 - avg_train_loss: 0.0883  avg_val_loss: 0.1203  time: 420s
Epoch 7 - the pf1: 0.0730  the optimal pf1: 0.1189   thresh:0.0200 
Epoch 7 - f1_score:0.1189   auc: 0.6559
Epoch 7 - aggregate: mean_blend:0.0761   aggregate:0.1862745098039216(0.02) 
Epoch 7 - aggregate: max_blend: 0.1046    aggregate:0.15723270440251572(0.02) 
Epoch 7 - Save Best Score: 0.0730 Model
Epoch 8 - avg_train_loss: 0.0742  avg_val_loss: 0.1312  time: 423s
Epoch 8 - the pf1: 0.0567  the optimal pf1: 0.0861   thresh:0.0200 
Epoch 8 - f1_score:0.0861   auc: 0.6370
Epoch 8 - aggregate: mean_blend:0.0579   aggregate:0.1229050279329609(0.04) 
Epoch 8 - aggregate: max_blend: 0.0750    aggregate:0.12359550561797752(0.1) 
Epoch 9 - avg_train_loss: 0.0656  avg_val_loss: 0.1391  time: 423s
Epoch 9 - the pf1: 0.0438  the optimal pf1: 0.0804   thresh:0.0200 
Epoch 9 - f1_score:0.0804   auc: 0.6325
Epoch 9 - aggregate: mean_blend:0.0455   aggregate:0.07567567567567568(0.02) 
Epoch 9 - aggregate: max_blend: 0.0580    aggregate:0.10852713178294573(0.02) 
Epoch 10 - avg_train_loss: 0.0606  avg_val_loss: 0.1449  time: 420s
Epoch 10 - the pf1: 0.0555  the optimal pf1: 0.0870   thresh:0.0200 
Epoch 10 - f1_score:0.0870   auc: 0.6352
Epoch 10 - aggregate: mean_blend:0.0567   aggregate:0.12149532710280374(0.02) 
Epoch 10 - aggregate: max_blend: 0.0707    aggregate:0.11643835616438357(0.02) 
========== fold: 1 result ==========
(0.055455106997334414, 0.08695652173913043, 0.02)
========== fold: 2 training ==========
Epoch 1 - avg_train_loss: 0.1232  avg_val_loss: 0.1237  time: 419s
Epoch 1 - the pf1: 0.0101  the optimal pf1: 0.0450   thresh:0.0000 
Epoch 1 - f1_score:0.0450   auc: 0.5546
Epoch 1 - aggregate: mean_blend:0.0101   aggregate:0.044969637288691945(0.0) 
Epoch 1 - aggregate: max_blend: 0.0108    aggregate:0.044969637288691945(0.0) 
Epoch 1 - Save Best Score: 0.0101 Model
Epoch 2 - avg_train_loss: 0.1313  avg_val_loss: 0.1560  time: 420s
Epoch 2 - the pf1: 0.0030  the optimal pf1: 0.0450   thresh:0.0000 
Epoch 2 - f1_score:0.0450   auc: 0.6580
Epoch 2 - aggregate: mean_blend:0.0030   aggregate:0.044969637288691945(0.0) 
Epoch 2 - aggregate: max_blend: 0.0040    aggregate:0.044969637288691945(0.0) 
Epoch 3 - avg_train_loss: 0.1329  avg_val_loss: 0.1525  time: 420s
Epoch 3 - the pf1: 0.0052  the optimal pf1: 0.0450   thresh:0.0000 
Epoch 3 - f1_score:0.0450   auc: 0.6938
Epoch 3 - aggregate: mean_blend:0.0052   aggregate:0.044969637288691945(0.0) 
Epoch 3 - aggregate: max_blend: 0.0082    aggregate:0.0704225352112676(0.02) 
Epoch 4 - avg_train_loss: 0.1208  avg_val_loss: 0.1421  time: 422s
Epoch 4 - the pf1: 0.0073  the optimal pf1: 0.0466   thresh:0.0200 
Epoch 4 - f1_score:0.0466   auc: 0.6834
Epoch 4 - aggregate: mean_blend:0.0072   aggregate:0.044969637288691945(0.0) 
Epoch 4 - aggregate: max_blend: 0.0110    aggregate:0.09756097560975609(0.02) 
Epoch 5 - avg_train_loss: 0.1066  avg_val_loss: 0.1186  time: 426s
Epoch 5 - the pf1: 0.0570  the optimal pf1: 0.1264   thresh:0.0400 
Epoch 5 - f1_score:0.1264   auc: 0.6670
Epoch 5 - aggregate: mean_blend:0.0593   aggregate:0.17204301075268816(0.04) 
Epoch 5 - aggregate: max_blend: 0.0992    aggregate:0.1796875(0.04) 
Epoch 5 - Save Best Score: 0.0570 Model
Epoch 6 - avg_train_loss: 0.0915  avg_val_loss: 0.1264  time: 422s
Epoch 6 - the pf1: 0.0803  the optimal pf1: 0.1418   thresh:0.0200 
Epoch 6 - f1_score:0.1418   auc: 0.6953
Epoch 6 - aggregate: mean_blend:0.0841   aggregate:0.15916955017301038(0.02) 
Epoch 6 - aggregate: max_blend: 0.1357    aggregate:0.16589861751152074(0.06) 
Epoch 6 - Save Best Score: 0.0803 Model
Epoch 7 - avg_train_loss: 0.0832  avg_val_loss: 0.1339  time: 424s
Epoch 7 - the pf1: 0.0767  the optimal pf1: 0.1333   thresh:0.0400 
Epoch 7 - f1_score:0.1333   auc: 0.6996
Epoch 7 - aggregate: mean_blend:0.0790   aggregate:0.18723404255319148(0.04) 
Epoch 7 - aggregate: max_blend: 0.1361    aggregate:0.19047619047619047(0.08) 
Epoch 8 - avg_train_loss: 0.0733  avg_val_loss: 0.1495  time: 418s
Epoch 8 - the pf1: 0.0945  the optimal pf1: 0.1218   thresh:0.0200 
Epoch 8 - f1_score:0.1218   auc: 0.6824
Epoch 8 - aggregate: mean_blend:0.0952   aggregate:0.1895734597156398(0.14) 
Epoch 8 - aggregate: max_blend: 0.1656    aggregate:0.19555555555555554(0.14) 
Epoch 8 - Save Best Score: 0.0945 Model
Epoch 9 - avg_train_loss: 0.0671  avg_val_loss: 0.1655  time: 423s
Epoch 9 - the pf1: 0.0879  the optimal pf1: 0.1173   thresh:0.0200 
Epoch 9 - f1_score:0.1173   auc: 0.6657
Epoch 9 - aggregate: mean_blend:0.0895   aggregate:0.18181818181818182(0.02) 
Epoch 9 - aggregate: max_blend: 0.1583    aggregate:0.18493150684931506(0.04) 
Epoch 10 - avg_train_loss: 0.0655  avg_val_loss: 0.1592  time: 420s
Epoch 10 - the pf1: 0.0738  the optimal pf1: 0.1042   thresh:0.0200 
Epoch 10 - f1_score:0.1042   auc: 0.6657
Epoch 10 - aggregate: mean_blend:0.0769   aggregate:0.15873015873015875(0.08) 
Epoch 10 - aggregate: max_blend: 0.1390    aggregate:0.16153846153846155(0.04) 
========== fold: 2 result ==========
(0.07377486690558822, 0.10416666666666667, 0.02)
========== fold: 3 training ==========
Epoch 1 - avg_train_loss: 0.1296  avg_val_loss: 0.1492  time: 420s
Epoch 1 - the pf1: 0.0037  the optimal pf1: 0.0459   thresh:0.0000 
Epoch 1 - f1_score:0.0459   auc: 0.6085
Epoch 1 - aggregate: mean_blend:0.0036   aggregate:0.043378245152809726(0.0) 
Epoch 1 - aggregate: max_blend: 0.0042    aggregate:0.043378245152809726(0.0) 
Epoch 1 - Save Best Score: 0.0037 Model
Epoch 2 - avg_train_loss: 0.1346  avg_val_loss: 0.1531  time: 420s
Epoch 2 - the pf1: 0.0043  the optimal pf1: 0.0459   thresh:0.0000 
Epoch 2 - f1_score:0.0459   auc: 0.6825
Epoch 2 - aggregate: mean_blend:0.0044   aggregate:0.043378245152809726(0.0) 
Epoch 2 - aggregate: max_blend: 0.0059    aggregate:0.043378245152809726(0.0) 
Epoch 2 - Save Best Score: 0.0043 Model
Epoch 3 - avg_train_loss: 0.1316  avg_val_loss: 0.1272  time: 425s
Epoch 3 - the pf1: 0.0119  the optimal pf1: 0.1072   thresh:0.0200 
Epoch 3 - f1_score:0.1072   auc: 0.7187
Epoch 3 - aggregate: mean_blend:0.0119   aggregate:0.08450704225352113(0.02) 
Epoch 3 - aggregate: max_blend: 0.0150    aggregate:0.14942528735632182(0.02) 
Epoch 3 - Save Best Score: 0.0119 Model
Epoch 4 - avg_train_loss: 0.1227  avg_val_loss: 0.1451  time: 425s
Epoch 4 - the pf1: 0.0173  the optimal pf1: 0.1405   thresh:0.0200 
Epoch 4 - f1_score:0.1405   auc: 0.7037
Epoch 4 - aggregate: mean_blend:0.0178   aggregate:0.16(0.02) 
Epoch 4 - aggregate: max_blend: 0.0235    aggregate:0.17964071856287425(0.02) 
Epoch 4 - Save Best Score: 0.0173 Model
Epoch 5 - avg_train_loss: 0.1135  avg_val_loss: 0.1313  time: 417s
Epoch 5 - the pf1: 0.1570  the optimal pf1: 0.1984   thresh:0.0400 
Epoch 5 - f1_score:0.1984   auc: 0.7143
Epoch 5 - aggregate: mean_blend:0.1597   aggregate:0.2233502538071066(0.32) 
Epoch 5 - aggregate: max_blend: 0.1930    aggregate:0.22641509433962265(0.58) 
Epoch 5 - Save Best Score: 0.1570 Model
Epoch 6 - avg_train_loss: 0.0956  avg_val_loss: 0.1404  time: 421s
Epoch 6 - the pf1: 0.0880  the optimal pf1: 0.1268   thresh:0.0200 
Epoch 6 - f1_score:0.1268   auc: 0.6917
Epoch 6 - aggregate: mean_blend:0.0925   aggregate:0.1893491124260355(0.02) 
Epoch 6 - aggregate: max_blend: 0.1387    aggregate:0.1764705882352941(0.04) 
Epoch 7 - avg_train_loss: 0.0811  avg_val_loss: 0.1367  time: 420s
Epoch 7 - the pf1: 0.1335  the optimal pf1: 0.1690   thresh:0.0200 
Epoch 7 - f1_score:0.1690   auc: 0.6814
Epoch 7 - aggregate: mean_blend:0.1350   aggregate:0.19917012448132781(0.04) 
Epoch 7 - aggregate: max_blend: 0.1659    aggregate:0.1926605504587156(0.14) 
Epoch 8 - avg_train_loss: 0.0697  avg_val_loss: 0.1610  time: 424s
Epoch 8 - the pf1: 0.1477  the optimal pf1: 0.1836   thresh:0.0200 
Epoch 8 - f1_score:0.1836   auc: 0.6874
Epoch 8 - aggregate: mean_blend:0.1472   aggregate:0.22875816993464052(0.02) 
Epoch 8 - aggregate: max_blend: 0.1922    aggregate:0.22568093385214008(0.1) 
Epoch 9 - avg_train_loss: 0.0615  avg_val_loss: 0.1630  time: 419s
Epoch 9 - the pf1: 0.1338  the optimal pf1: 0.1599   thresh:0.0200 
Epoch 9 - f1_score:0.1599   auc: 0.6725
Epoch 9 - aggregate: mean_blend:0.1329   aggregate:0.1985294117647059(0.02) 
Epoch 9 - aggregate: max_blend: 0.1751    aggregate:0.19708029197080293(0.04) 
Epoch 10 - avg_train_loss: 0.0572  avg_val_loss: 0.1699  time: 416s
Epoch 10 - the pf1: 0.1373  the optimal pf1: 0.1627   thresh:0.0200 
Epoch 10 - f1_score:0.1627   auc: 0.6714
Epoch 10 - aggregate: mean_blend:0.1347   aggregate:0.20071684587813618(0.02) 
Epoch 10 - aggregate: max_blend: 0.1767    aggregate:0.1988304093567252(0.02) 
========== fold: 3 result ==========
(0.13730780153102157, 0.162748643761302, 0.02)
========== CV ==========
(0.09439025344926082, 0.11753278290432248, 0.02)
(0.09298674353224173, 0.16106014271151886, 0.02)
(0.1347206140734106, 0.154, 0.04)
========== fold: 0 training ==========
Epoch 1 - avg_train_loss: 0.1216  avg_val_loss: 0.1081  time: 451s
Epoch 1 - the pf1: 0.0146  the optimal pf1: 0.0804   thresh:0.0200 
Epoch 1 - f1_score:0.0804   auc: 0.6412
Epoch 1 - aggregate: mean_blend:0.0126   aggregate:0.08284023668639053(0.02) 
Epoch 1 - aggregate: max_blend: 0.0224    aggregate:0.1003861003861004(0.02) 
Epoch 1 - Save Best Score: 0.0146 Model
Epoch 2 - avg_train_loss: 0.1259  avg_val_loss: 0.1151  time: 455s
Epoch 2 - the pf1: 0.0129  the optimal pf1: 0.0375   thresh:0.0000 
Epoch 2 - f1_score:0.0375   auc: 0.6587
Epoch 2 - aggregate: mean_blend:0.0109   aggregate:0.03690280065897858(0.0) 
Epoch 2 - aggregate: max_blend: 0.0201    aggregate:0.047244094488188976(0.02) 
Epoch 3 - avg_train_loss: 0.1216  avg_val_loss: 0.1069  time: 456s
Epoch 3 - the pf1: 0.0389  the optimal pf1: 0.1170   thresh:0.0200 
Epoch 3 - f1_score:0.1170   auc: 0.7016
Epoch 3 - aggregate: mean_blend:0.0333   aggregate:0.11834319526627218(0.02) 
Epoch 3 - aggregate: max_blend: 0.0585    aggregate:0.12669683257918551(0.02) 
Epoch 3 - Save Best Score: 0.0389 Model
Epoch 4 - avg_train_loss: 0.1037  avg_val_loss: 0.0912  time: 455s
Epoch 4 - the pf1: 0.0309  the optimal pf1: 0.1189   thresh:0.0400 
Epoch 4 - f1_score:0.1189   auc: 0.7114
Epoch 4 - aggregate: mean_blend:0.0283   aggregate:0.1037037037037037(0.06) 
Epoch 4 - aggregate: max_blend: 0.0405    aggregate:0.12631578947368421(0.04) 
Epoch 5 - avg_train_loss: 0.1056  avg_val_loss: 0.1081  time: 442s
Epoch 5 - the pf1: 0.0935  the optimal pf1: 0.1673   thresh:0.0200 
Epoch 5 - f1_score:0.1673   auc: 0.7247
Epoch 5 - aggregate: mean_blend:0.0887   aggregate:0.19138755980861247(0.04) 
Epoch 5 - aggregate: max_blend: 0.1491    aggregate:0.1958762886597938(0.14) 
Epoch 5 - Save Best Score: 0.0935 Model
Epoch 6 - avg_train_loss: 0.0990  avg_val_loss: 0.1084  time: 433s
Epoch 6 - the pf1: 0.0870  the optimal pf1: 0.1643   thresh:0.0200 
Epoch 6 - f1_score:0.1643   auc: 0.7371
Epoch 6 - aggregate: mean_blend:0.0825   aggregate:0.19730941704035876(0.02) 
Epoch 6 - aggregate: max_blend: 0.1309    aggregate:0.1978021978021978(0.1) 
Epoch 7 - avg_train_loss: 0.0912  avg_val_loss: 0.1057  time: 431s
Epoch 7 - the pf1: 0.1183  the optimal pf1: 0.1726   thresh:0.0400 
Epoch 7 - f1_score:0.1726   auc: 0.7394
Epoch 7 - aggregate: mean_blend:0.1119   aggregate:0.21463414634146344(0.08) 
Epoch 7 - aggregate: max_blend: 0.1611    aggregate:0.2085308056872038(0.14) 
Epoch 7 - Save Best Score: 0.1183 Model
Epoch 8 - avg_train_loss: 0.0802  avg_val_loss: 0.1119  time: 432s
Epoch 8 - the pf1: 0.1430  the optimal pf1: 0.1749   thresh:0.2600 
Epoch 8 - f1_score:0.1749   auc: 0.7387
Epoch 8 - aggregate: mean_blend:0.1329   aggregate:0.22598870056497175(0.28) 
Epoch 8 - aggregate: max_blend: 0.1828    aggregate:0.21978021978021978(0.58) 
Epoch 8 - Save Best Score: 0.1430 Model
Epoch 9 - avg_train_loss: 0.0729  avg_val_loss: 0.1142  time: 435s
Epoch 9 - the pf1: 0.1370  the optimal pf1: 0.1683   thresh:0.1400 
Epoch 9 - f1_score:0.1683   auc: 0.7341
Epoch 9 - aggregate: mean_blend:0.1291   aggregate:0.1978021978021978(0.32) 
Epoch 9 - aggregate: max_blend: 0.1685    aggregate:0.1991701244813278(0.14) 
========== fold: 0 training ==========
Epoch 1 - avg_train_loss: 0.1260  avg_val_loss: 0.1213  time: 445s
Epoch 1 - the pf1: 0.0043  the optimal pf1: 0.0375   thresh:0.0000 
Epoch 1 - f1_score:0.0375   auc: 0.5330
Epoch 1 - aggregate: mean_blend:0.0042   aggregate:0.03690280065897858(0.0) 
Epoch 1 - aggregate: max_blend: 0.0053    aggregate:0.03690280065897858(0.0) 
Epoch 1 - Save Best Score: 0.0043 Model
Epoch 2 - avg_train_loss: 0.1291  avg_val_loss: 0.1051  time: 437s
Epoch 2 - the pf1: 0.0112  the optimal pf1: 0.0375   thresh:0.0000 
Epoch 2 - f1_score:0.0375   auc: 0.6445
Epoch 2 - aggregate: mean_blend:0.0109   aggregate:0.03690280065897858(0.0) 
Epoch 2 - aggregate: max_blend: 0.0130    aggregate:0.058823529411764705(0.02) 
Epoch 2 - Save Best Score: 0.0112 Model
Epoch 3 - avg_train_loss: 0.1299  avg_val_loss: 0.1076  time: 437s
Epoch 3 - the pf1: 0.0153  the optimal pf1: 0.0984   thresh:0.0200 
Epoch 3 - f1_score:0.0984   auc: 0.7006
Epoch 3 - aggregate: mean_blend:0.0139   aggregate:0.0958904109589041(0.02) 
Epoch 3 - aggregate: max_blend: 0.0221    aggregate:0.16267942583732056(0.02) 
Epoch 3 - Save Best Score: 0.0153 Model
Epoch 4 - avg_train_loss: 0.1228  avg_val_loss: 0.1124  time: 439s
Epoch 4 - the pf1: 0.0098  the optimal pf1: 0.0375   thresh:0.0000 
Epoch 4 - f1_score:0.0375   auc: 0.6853
Epoch 4 - aggregate: mean_blend:0.0095   aggregate:0.03690280065897858(0.0) 
Epoch 4 - aggregate: max_blend: 0.0114    aggregate:0.04316546762589928(0.02) 
Epoch 5 - avg_train_loss: 0.1077  avg_val_loss: 3.8966  time: 437s
Epoch 5 - the pf1: 0.0351  the optimal pf1: 0.0808   thresh:0.0200 
Epoch 5 - f1_score:0.0808   auc: 0.7158
Epoch 5 - aggregate: mean_blend:0.0331   aggregate:0.07171314741035856(0.02) 
Epoch 5 - aggregate: max_blend: 0.0417    aggregate:0.10982658959537574(0.02) 
Epoch 5 - Save Best Score: 0.0351 Model
Epoch 6 - avg_train_loss: 0.1032  avg_val_loss: 0.4532  time: 438s
Epoch 6 - the pf1: 0.0648  the optimal pf1: 0.1260   thresh:0.0200 
Epoch 6 - f1_score:0.1260   auc: 0.7103
Epoch 6 - aggregate: mean_blend:0.0683   aggregate:0.1451990632318501(0.02) 
Epoch 6 - aggregate: max_blend: 0.0939    aggregate:0.16494845360824742(0.06) 
Epoch 6 - Save Best Score: 0.0648 Model
Epoch 7 - avg_train_loss: 0.0918  avg_val_loss: 1.1975  time: 441s
Epoch 7 - the pf1: 0.0803  the optimal pf1: 0.1210   thresh:0.0400 
Epoch 7 - f1_score:0.1210   auc: 0.7081
Epoch 7 - aggregate: mean_blend:0.0803   aggregate:0.13333333333333333(0.08) 
Epoch 7 - aggregate: max_blend: 0.1093    aggregate:0.13530655391120508(0.04) 
Epoch 7 - Save Best Score: 0.0803 Model
Epoch 8 - avg_train_loss: 0.0847  avg_val_loss: 0.3294  time: 441s
Epoch 8 - the pf1: 0.0711  the optimal pf1: 0.1368   thresh:0.0400 
Epoch 8 - f1_score:0.1368   auc: 0.6941
Epoch 8 - aggregate: mean_blend:0.0688   aggregate:0.17037037037037037(0.04) 
Epoch 8 - aggregate: max_blend: 0.1119    aggregate:0.16883116883116886(0.06) 
Epoch 9 - avg_train_loss: 0.0762  avg_val_loss: 0.4580  time: 447s
Epoch 9 - the pf1: 0.0644  the optimal pf1: 0.1163   thresh:0.0200 
Epoch 9 - f1_score:0.1163   auc: 0.7136
Epoch 9 - aggregate: mean_blend:0.0651   aggregate:0.15593220338983052(0.02) 
Epoch 9 - aggregate: max_blend: 0.1061    aggregate:0.15333333333333332(0.04) 
========== fold: 0 training ==========
========== fold: 0 training ==========
========== fold: 0 training ==========
Epoch 1 - avg_train_loss: 0.1780  avg_val_loss: 0.0898  time: 464s
Epoch 1 - the pf1: 0.0689  the optimal pf1: 0.1541   thresh:0.1000 
Epoch 1 - f1_score:0.1541   auc: 0.7267
Epoch 1 - aggregate: mean_blend:0.0648   aggregate:0.18009478672985782(0.12) 
Epoch 1 - aggregate: max_blend: 0.0843    aggregate:0.1751152073732719(0.2) 
Epoch 1 - Save Best Score: 0.0689 Model
Epoch 2 - avg_train_loss: 0.1617  avg_val_loss: 0.0973  time: 453s
Epoch 2 - the pf1: 0.0664  the optimal pf1: 0.1160   thresh:0.1800 
Epoch 2 - f1_score:0.1160   auc: 0.6971
Epoch 2 - aggregate: mean_blend:0.0596   aggregate:0.13872832369942195(0.12) 
Epoch 2 - aggregate: max_blend: 0.0760    aggregate:0.12643678160919541(0.22) 
Epoch 3 - avg_train_loss: 0.1482  avg_val_loss: 0.1031  time: 456s
Epoch 3 - the pf1: 0.0797  the optimal pf1: 0.1408   thresh:0.1800 
Epoch 3 - f1_score:0.1408   auc: 0.6963
Epoch 3 - aggregate: mean_blend:0.0742   aggregate:0.1702127659574468(0.1) 
Epoch 3 - aggregate: max_blend: 0.0963    aggregate:0.17213114754098363(0.18) 
Epoch 3 - Save Best Score: 0.0797 Model
Epoch 4 - avg_train_loss: 0.1413  avg_val_loss: 0.1063  time: 451s
Epoch 4 - the pf1: 0.0873  the optimal pf1: 0.1346   thresh:0.1400 
Epoch 4 - f1_score:0.1346   auc: 0.7185
Epoch 4 - aggregate: mean_blend:0.0827   aggregate:0.16216216216216214(0.1) 
Epoch 4 - aggregate: max_blend: 0.1104    aggregate:0.16091954022988506(0.14) 
Epoch 4 - Save Best Score: 0.0873 Model
Epoch 5 - avg_train_loss: 0.1170  avg_val_loss: 0.1214  time: 441s
Epoch 5 - the pf1: 0.0917  the optimal pf1: 0.1195   thresh:0.1400 
Epoch 5 - f1_score:0.1195   auc: 0.6859
Epoch 5 - aggregate: mean_blend:0.0859   aggregate:0.1384083044982699(0.2) 
Epoch 5 - aggregate: max_blend: 0.1058    aggregate:0.1348973607038123(0.28) 
Epoch 5 - Save Best Score: 0.0917 Model
Epoch 6 - avg_train_loss: 0.0968  avg_val_loss: 0.1338  time: 440s
Epoch 6 - the pf1: 0.1093  the optimal pf1: 0.1266   thresh:0.1000 
Epoch 6 - f1_score:0.1266   auc: 0.6935
Epoch 6 - aggregate: mean_blend:0.1027   aggregate:0.17241379310344826(0.16) 
Epoch 6 - aggregate: max_blend: 0.1440    aggregate:0.1694915254237288(0.88) 
Epoch 6 - Save Best Score: 0.1093 Model
Epoch 7 - avg_train_loss: 0.0778  avg_val_loss: 0.1350  time: 440s
Epoch 7 - the pf1: 0.0642  the optimal pf1: 0.1158   thresh:0.0400 
Epoch 7 - f1_score:0.1158   auc: 0.6953
Epoch 7 - aggregate: mean_blend:0.0626   aggregate:0.13450292397660818(0.02) 
Epoch 7 - aggregate: max_blend: 0.1038    aggregate:0.13753581661891118(0.04) 
Epoch 8 - avg_train_loss: 0.0603  avg_val_loss: 0.1711  time: 443s
Epoch 8 - the pf1: 0.1070  the optimal pf1: 0.1304   thresh:0.0200 
Epoch 8 - f1_score:0.1304   auc: 0.6996
Epoch 8 - aggregate: mean_blend:0.1026   aggregate:0.15593220338983052(0.12) 
Epoch 8 - aggregate: max_blend: 0.1317    aggregate:0.1503267973856209(0.24) 
Epoch 9 - avg_train_loss: 0.0483  avg_val_loss: 0.1699  time: 444s
Epoch 9 - the pf1: 0.1017  the optimal pf1: 0.1275   thresh:0.0400 
Epoch 9 - f1_score:0.1275   auc: 0.6995
Epoch 9 - aggregate: mean_blend:0.0958   aggregate:0.15151515151515152(0.2) 
Epoch 9 - aggregate: max_blend: 0.1321    aggregate:0.14965986394557823(0.2) 
========== fold: 0 training ==========
========== fold: 0 training ==========
========== fold: 0 training ==========
========== fold: 0 training ==========
========== fold: 0 training ==========
Epoch 1 - avg_train_loss: 0.3724  avg_val_loss: 0.1276  time: 425s
Epoch 1 - the pf1: 0.0323  the optimal pf1: 0.0478   thresh:0.0800 
Epoch 1 - f1_score:0.0478   auc: 0.5906
Epoch 1 - aggregate: mean_blend:0.0317   aggregate:0.047619047619047616(0.08) 
Epoch 1 - aggregate: max_blend: 0.0319    aggregate:0.05466970387243735(0.1) 
Epoch 1 - Save Best Score: 0.0323 Model
Epoch 2 - avg_train_loss: 0.3233  avg_val_loss: 0.1059  time: 429s
Epoch 2 - the pf1: 0.0268  the optimal pf1: 0.0375   thresh:0.0000 
Epoch 2 - f1_score:0.0375   auc: 0.4808
Epoch 2 - aggregate: mean_blend:0.0264   aggregate:0.03690280065897858(0.0) 
Epoch 2 - aggregate: max_blend: 0.0271    aggregate:0.03690280065897858(0.0) 
Epoch 3 - avg_train_loss: 0.2794  avg_val_loss: 0.1079  time: 431s
Epoch 3 - the pf1: 0.0278  the optimal pf1: 0.0376   thresh:0.0400 
Epoch 3 - f1_score:0.0376   auc: 0.5003
Epoch 3 - aggregate: mean_blend:0.0274   aggregate:0.03714237911995985(0.04) 
Epoch 3 - aggregate: max_blend: 0.0277    aggregate:0.03709223381354529(0.04) 
Epoch 4 - avg_train_loss: 0.2342  avg_val_loss: 0.0988  time: 434s
Epoch 4 - the pf1: 0.0249  the optimal pf1: 0.0375   thresh:0.0000 
Epoch 4 - f1_score:0.0375   auc: 0.5088
Epoch 4 - aggregate: mean_blend:0.0245   aggregate:0.03690280065897858(0.0) 
Epoch 4 - aggregate: max_blend: 0.0247    aggregate:0.03690280065897858(0.0) 
Epoch 5 - avg_train_loss: 0.2109  avg_val_loss: 0.1012  time: 431s
Epoch 5 - the pf1: 0.0259  the optimal pf1: 0.0409   thresh:0.0400 
Epoch 5 - f1_score:0.0409   auc: 0.5370
Epoch 5 - aggregate: mean_blend:0.0256   aggregate:0.04011259676284307(0.04) 
Epoch 5 - aggregate: max_blend: 0.0257    aggregate:0.03929500144466917(0.04) 
Epoch 6 - avg_train_loss: 0.1959  avg_val_loss: 0.0960  time: 424s
Epoch 6 - the pf1: 0.0238  the optimal pf1: 0.0410   thresh:0.0400 
Epoch 6 - f1_score:0.0410   auc: 0.5513
Epoch 6 - aggregate: mean_blend:0.0234   aggregate:0.0376999238385377(0.02) 
Epoch 6 - aggregate: max_blend: 0.0241    aggregate:0.05213270142180095(0.04) 
Epoch 7 - avg_train_loss: 0.1855  avg_val_loss: 0.1058  time: 427s
Epoch 7 - the pf1: 0.0282  the optimal pf1: 0.0389   thresh:0.0200 
Epoch 7 - f1_score:0.0389   auc: 0.5641
Epoch 7 - aggregate: mean_blend:0.0278   aggregate:0.038065843621399184(0.02) 
Epoch 7 - aggregate: max_blend: 0.0281    aggregate:0.03792278783737615(0.02) 
Epoch 8 - avg_train_loss: 0.1787  avg_val_loss: 0.0979  time: 427s
Epoch 8 - the pf1: 0.0258  the optimal pf1: 0.0475   thresh:0.0400 
Epoch 8 - f1_score:0.0475   auc: 0.5702
Epoch 8 - aggregate: mean_blend:0.0254   aggregate:0.04785754034501948(0.04) 
Epoch 8 - aggregate: max_blend: 0.0256    aggregate:0.044751830756712775(0.04) 
Epoch 9 - avg_train_loss: 0.1761  avg_val_loss: 0.0998  time: 423s
Epoch 9 - the pf1: 0.0269  the optimal pf1: 0.0425   thresh:0.0400 
Epoch 9 - f1_score:0.0425   auc: 0.5683
Epoch 9 - aggregate: mean_blend:0.0265   aggregate:0.04152933421226105(0.04) 
Epoch 9 - aggregate: max_blend: 0.0267    aggregate:0.04048140043763676(0.04) 
Epoch 10 - avg_train_loss: 0.1708  avg_val_loss: 0.1003  time: 436s
Epoch 10 - the pf1: 0.0271  the optimal pf1: 0.0424   thresh:0.0400 
Epoch 10 - f1_score:0.0424   auc: 0.5670
Epoch 10 - aggregate: mean_blend:0.0268   aggregate:0.04504782474544893(0.04) 
Epoch 10 - aggregate: max_blend: 0.0269    aggregate:0.04108885464817668(0.04) 
========== fold: 0 result ==========
(0.02708477037171824, 0.04236200256739409, 0.04)
========== fold: 1 training ==========
Epoch 1 - avg_train_loss: 0.3810  avg_val_loss: 0.1060  time: 443s
Epoch 1 - the pf1: 0.0290  the optimal pf1: 0.0778   thresh:0.0600 
Epoch 1 - f1_score:0.0778   auc: 0.6382
Epoch 1 - aggregate: mean_blend:0.0285   aggregate:0.057471264367816084(0.06) 
Epoch 1 - aggregate: max_blend: 0.0288    aggregate:0.08878504672897197(0.06) 
Epoch 1 - Save Best Score: 0.0290 Model
Epoch 2 - avg_train_loss: 0.3299  avg_val_loss: 0.1131  time: 447s
Epoch 2 - the pf1: 0.0313  the optimal pf1: 0.0766   thresh:0.0800 
Epoch 2 - f1_score:0.0766   auc: 0.6543
Epoch 2 - aggregate: mean_blend:0.0308   aggregate:0.052026286966046(0.06) 
Epoch 2 - aggregate: max_blend: 0.0313    aggregate:0.08304498269896193(0.08) 
Epoch 2 - Save Best Score: 0.0313 Model
========== fold: 0 training ==========
========== fold: 0 training ==========
========== fold: 0 training ==========
Epoch 1 - avg_train_loss: 0.2744  avg_val_loss: 0.0967  time: 448s
Epoch 1 - the pf1: 0.0254  the optimal pf1: 0.0460   thresh:0.0400 
Epoch 1 - f1_score:0.0460   auc: 0.5609
Epoch 1 - aggregate: mean_blend:0.0250   aggregate:0.050156739811912224(0.04) 
Epoch 1 - aggregate: max_blend: 0.0256    aggregate:0.04972804972804972(0.04) 
Epoch 1 - Save Best Score: 0.0254 Model
Epoch 2 - avg_train_loss: 0.2392  avg_val_loss: 0.0924  time: 445s
Epoch 2 - the pf1: 0.0446  the optimal pf1: 0.1295   thresh:0.1200 
Epoch 2 - f1_score:0.1295   auc: 0.6791
Epoch 2 - aggregate: mean_blend:0.0433   aggregate:0.1527272727272727(0.08) 
Epoch 2 - aggregate: max_blend: 0.0525    aggregate:0.17316017316017318(0.14) 
Epoch 2 - Save Best Score: 0.0446 Model
Epoch 3 - avg_train_loss: 0.2229  avg_val_loss: 0.0912  time: 456s
Epoch 3 - the pf1: 0.0337  the optimal pf1: 0.0849   thresh:0.0600 
Epoch 3 - f1_score:0.0849   auc: 0.6790
Epoch 3 - aggregate: mean_blend:0.0324   aggregate:0.09523809523809523(0.06) 
Epoch 3 - aggregate: max_blend: 0.0378    aggregate:0.08764940239043825(0.1) 
Epoch 4 - avg_train_loss: 0.2070  avg_val_loss: 0.0933  time: 454s
Epoch 4 - the pf1: 0.0454  the optimal pf1: 0.1292   thresh:0.1000 
Epoch 4 - f1_score:0.1292   auc: 0.6847
Epoch 4 - aggregate: mean_blend:0.0442   aggregate:0.1818181818181818(0.08) 
Epoch 4 - aggregate: max_blend: 0.0561    aggregate:0.16304347826086957(0.18) 
Epoch 4 - Save Best Score: 0.0454 Model
Epoch 5 - avg_train_loss: 0.1887  avg_val_loss: 0.0898  time: 455s
Epoch 5 - the pf1: 0.0690  the optimal pf1: 0.1308   thresh:0.1200 
Epoch 5 - f1_score:0.1308   auc: 0.7223
Epoch 5 - aggregate: mean_blend:0.0661   aggregate:0.18181818181818182(0.06) 
Epoch 5 - aggregate: max_blend: 0.0980    aggregate:0.18357487922705315(0.12) 
Epoch 5 - Save Best Score: 0.0690 Model
Epoch 6 - avg_train_loss: 0.1777  avg_val_loss: 0.0930  time: 451s
Epoch 6 - the pf1: 0.0714  the optimal pf1: 0.1255   thresh:0.0400 
Epoch 6 - f1_score:0.1255   auc: 0.7118
Epoch 6 - aggregate: mean_blend:0.0703   aggregate:0.1643835616438356(0.22) 
Epoch 6 - aggregate: max_blend: 0.1022    aggregate:0.16149068322981366(0.26) 
Epoch 6 - Save Best Score: 0.0714 Model
Epoch 7 - avg_train_loss: 0.1643  avg_val_loss: 0.0954  time: 459s
Epoch 7 - the pf1: 0.0588  the optimal pf1: 0.1512   thresh:0.0400 
Epoch 7 - f1_score:0.1512   auc: 0.7307
Epoch 7 - aggregate: mean_blend:0.0564   aggregate:0.17486338797814208(0.04) 
Epoch 7 - aggregate: max_blend: 0.0856    aggregate:0.19791666666666669(0.06) 
========== fold: 0 training ==========
Epoch 1 - avg_train_loss: 0.1454  avg_val_loss: 0.1324  time: 465s
Epoch 1 - the pf1: 0.0312  the optimal pf1: 0.0377   thresh:0.0800 
Epoch 1 - f1_score:0.0377   auc: 0.5000
Epoch 1 - aggregate: mean_blend:0.0308   aggregate:0.0372402327514547(0.08) 
Epoch 1 - aggregate: max_blend: 0.0307    aggregate:0.03698811096433289(0.08) 
Epoch 1 - Save Best Score: 0.0312 Model
Epoch 2 - avg_train_loss: 0.1122  avg_val_loss: 0.0959  time: 449s
Epoch 2 - the pf1: 0.0152  the optimal pf1: 0.0375   thresh:0.0000 
Epoch 2 - f1_score:0.0375   auc: 0.5212
Epoch 2 - aggregate: mean_blend:0.0151   aggregate:0.03690280065897858(0.0) 
Epoch 2 - aggregate: max_blend: 0.0152    aggregate:0.03690280065897858(0.0) 
Epoch 3 - avg_train_loss: 0.1097  avg_val_loss: 0.0945  time: 451s
Epoch 3 - the pf1: 0.0190  the optimal pf1: 0.0379   thresh:0.0200 
Epoch 3 - f1_score:0.0379   auc: 0.5265
Epoch 3 - aggregate: mean_blend:0.0189   aggregate:0.0420032310177706(0.02) 
Epoch 3 - aggregate: max_blend: 0.0191    aggregate:0.0415944540727903(0.02) 
Epoch 4 - avg_train_loss: 0.1107  avg_val_loss: 0.0970  time: 459s
Epoch 4 - the pf1: 0.0207  the optimal pf1: 0.0375   thresh:0.0000 
Epoch 4 - f1_score:0.0375   auc: 0.5320
Epoch 4 - aggregate: mean_blend:0.0205   aggregate:0.03690280065897858(0.0) 
Epoch 4 - aggregate: max_blend: 0.0217    aggregate:0.03812263981298328(0.02) 
Epoch 5 - avg_train_loss: 0.1093  avg_val_loss: 0.0953  time: 447s
Epoch 5 - the pf1: 0.0220  the optimal pf1: 0.0375   thresh:0.0000 
Epoch 5 - f1_score:0.0375   auc: 0.5183
Epoch 5 - aggregate: mean_blend:0.0218   aggregate:0.03690280065897858(0.0) 
Epoch 5 - aggregate: max_blend: 0.0230    aggregate:0.037055417700579(0.02) 
Epoch 6 - avg_train_loss: 0.1068  avg_val_loss: 0.0957  time: 436s
Epoch 6 - the pf1: 0.0183  the optimal pf1: 0.0375   thresh:0.0000 
Epoch 6 - f1_score:0.0375   auc: 0.4831
Epoch 6 - aggregate: mean_blend:0.0183   aggregate:0.03690280065897858(0.0) 
Epoch 6 - aggregate: max_blend: 0.0194    aggregate:0.03690280065897858(0.0) 
Epoch 7 - avg_train_loss: 0.1062  avg_val_loss: 0.0945  time: 436s
Epoch 7 - the pf1: 0.0192  the optimal pf1: 0.0377   thresh:0.0200 
Epoch 7 - f1_score:0.0377   auc: 0.5250
Epoch 7 - aggregate: mean_blend:0.0190   aggregate:0.03690280065897858(0.0) 
Epoch 7 - aggregate: max_blend: 0.0197    aggregate:0.03882877148313176(0.02) 
========== fold: 0 training ==========
Epoch 1 - avg_train_loss: 0.1237  avg_val_loss: 0.1014  time: 449s
Epoch 1 - the pf1: 0.0133  the optimal pf1: 0.0375   thresh:0.0000 
Epoch 1 - f1_score:0.0375   auc: 0.5419
Epoch 1 - aggregate: mean_blend:0.0129   aggregate:0.03690280065897858(0.0) 
Epoch 1 - aggregate: max_blend: 0.0135    aggregate:0.03690280065897858(0.0) 
Epoch 1 - Save Best Score: 0.0133 Model
Epoch 2 - avg_train_loss: 0.1188  avg_val_loss: 0.0977  time: 436s
Epoch 2 - the pf1: 0.0142  the optimal pf1: 0.0375   thresh:0.0000 
Epoch 2 - f1_score:0.0375   auc: 0.5661
Epoch 2 - aggregate: mean_blend:0.0140   aggregate:0.03690280065897858(0.0) 
Epoch 2 - aggregate: max_blend: 0.0146    aggregate:0.03690280065897858(0.0) 
Epoch 2 - Save Best Score: 0.0142 Model
Epoch 3 - avg_train_loss: 0.1264  avg_val_loss: 0.1041  time: 436s
Epoch 3 - the pf1: 0.0098  the optimal pf1: 0.0375   thresh:0.0000 
Epoch 3 - f1_score:0.0375   auc: 0.6390
Epoch 3 - aggregate: mean_blend:0.0096   aggregate:0.03690280065897858(0.0) 
Epoch 3 - aggregate: max_blend: 0.0107    aggregate:0.03690280065897858(0.0) 
Epoch 4 - avg_train_loss: 0.1216  avg_val_loss: 0.0936  time: 452s
Epoch 4 - the pf1: 0.0201  the optimal pf1: 0.0720   thresh:0.0200 
Epoch 4 - f1_score:0.0720   auc: 0.6302
Epoch 4 - aggregate: mean_blend:0.0195   aggregate:0.06783625730994153(0.02) 
Epoch 4 - aggregate: max_blend: 0.0212    aggregate:0.07486631016042782(0.04) 
Epoch 4 - Save Best Score: 0.0201 Model
Epoch 5 - avg_train_loss: 0.1219  avg_val_loss: 0.1174  time: 448s
Epoch 5 - the pf1: 0.0109  the optimal pf1: 0.1003   thresh:0.0200 
Epoch 5 - f1_score:0.1003   auc: 0.6996
Epoch 5 - aggregate: mean_blend:0.0101   aggregate:0.13235294117647062(0.02) 
Epoch 5 - aggregate: max_blend: 0.0156    aggregate:0.1132075471698113(0.02) 
Epoch 6 - avg_train_loss: 0.1257  avg_val_loss: 0.1129  time: 455s
Epoch 6 - the pf1: 0.0228  the optimal pf1: 0.1059   thresh:0.0200 
Epoch 6 - f1_score:0.1059   auc: 0.7051
Epoch 6 - aggregate: mean_blend:0.0199   aggregate:0.1388888888888889(0.02) 
Epoch 6 - aggregate: max_blend: 0.0419    aggregate:0.15384615384615385(0.02) 
Epoch 6 - Save Best Score: 0.0228 Model
========== fold: 0 training ==========
Epoch 1 - avg_train_loss: 0.1662  avg_val_loss: 0.0970  time: 447s
Epoch 1 - the pf1: 0.0212  the optimal pf1: 0.0375   thresh:0.0000 
Epoch 1 - f1_score:0.0375   auc: 0.5173
Epoch 1 - aggregate: mean_blend:0.0209   aggregate:0.03690280065897858(0.0) 
Epoch 1 - aggregate: max_blend: 0.0215    aggregate:0.03690280065897858(0.0) 
Epoch 1 - Save Best Score: 0.0212 Model
Epoch 2 - avg_train_loss: 0.1092  avg_val_loss: 0.0941  time: 450s
Epoch 2 - the pf1: 0.0199  the optimal pf1: 0.0431   thresh:0.0200 
Epoch 2 - f1_score:0.0431   auc: 0.5588
Epoch 2 - aggregate: mean_blend:0.0197   aggregate:0.041430192962542564(0.02) 
Epoch 2 - aggregate: max_blend: 0.0198    aggregate:0.040045506257110355(0.02) 
Epoch 3 - avg_train_loss: 0.1078  avg_val_loss: 0.0961  time: 446s
Epoch 3 - the pf1: 0.0199  the optimal pf1: 0.0389   thresh:0.0200 
Epoch 3 - f1_score:0.0389   auc: 0.5435
Epoch 3 - aggregate: mean_blend:0.0197   aggregate:0.04014478446857519(0.02) 
Epoch 3 - aggregate: max_blend: 0.0213    aggregate:0.039224952741020794(0.02) 
Epoch 4 - avg_train_loss: 0.1102  avg_val_loss: 0.0951  time: 445s
Epoch 4 - the pf1: 0.0224  the optimal pf1: 0.0433   thresh:0.0200 
Epoch 4 - f1_score:0.0433   auc: 0.5994
Epoch 4 - aggregate: mean_blend:0.0219   aggregate:0.040573437922639975(0.02) 
Epoch 4 - aggregate: max_blend: 0.0225    aggregate:0.04172951231774761(0.02) 
Epoch 4 - Save Best Score: 0.0224 Model
Epoch 5 - avg_train_loss: 0.1055  avg_val_loss: 0.0937  time: 441s
Epoch 5 - the pf1: 0.0214  the optimal pf1: 0.0495   thresh:0.0200 
Epoch 5 - f1_score:0.0495   auc: 0.6133
Epoch 5 - aggregate: mean_blend:0.0208   aggregate:0.048149478979518504(0.02) 
Epoch 5 - aggregate: max_blend: 0.0215    aggregate:0.04624607479303454(0.02) 
Epoch 6 - avg_train_loss: 0.1073  avg_val_loss: 0.0967  time: 444s
Epoch 6 - the pf1: 0.0190  the optimal pf1: 0.0551   thresh:0.0200 
Epoch 6 - f1_score:0.0551   auc: 0.5907
Epoch 6 - aggregate: mean_blend:0.0182   aggregate:0.056338028169014086(0.02) 
Epoch 6 - aggregate: max_blend: 0.0193    aggregate:0.0511265164644714(0.02) 
Epoch 7 - avg_train_loss: 0.1077  avg_val_loss: 0.0952  time: 447s
Epoch 7 - the pf1: 0.0215  the optimal pf1: 0.0611   thresh:0.0200 
Epoch 7 - f1_score:0.0611   auc: 0.6198
Epoch 7 - aggregate: mean_blend:0.0206   aggregate:0.06298003072196622(0.02) 
Epoch 7 - aggregate: max_blend: 0.0217    aggregate:0.05368360936607653(0.02) 
Epoch 8 - avg_train_loss: 0.1040  avg_val_loss: 0.0917  time: 438s
Epoch 8 - the pf1: 0.0249  the optimal pf1: 0.0638   thresh:0.0400 
Epoch 8 - f1_score:0.0638   auc: 0.6494
Epoch 8 - aggregate: mean_blend:0.0241   aggregate:0.06349206349206349(0.04) 
Epoch 8 - aggregate: max_blend: 0.0246    aggregate:0.07086614173228348(0.04) 
Epoch 8 - Save Best Score: 0.0249 Model
Epoch 9 - avg_train_loss: 0.1030  avg_val_loss: 0.0918  time: 435s
Epoch 9 - the pf1: 0.0214  the optimal pf1: 0.0675   thresh:0.0200 
Epoch 9 - f1_score:0.0675   auc: 0.6606
Epoch 9 - aggregate: mean_blend:0.0208   aggregate:0.0641025641025641(0.02) 
Epoch 9 - aggregate: max_blend: 0.0214    aggregate:0.060992907801418444(0.02) 
Epoch 10 - avg_train_loss: 0.1035  avg_val_loss: 0.0920  time: 444s
Epoch 10 - the pf1: 0.0214  the optimal pf1: 0.0668   thresh:0.0200 
Epoch 10 - f1_score:0.0668   auc: 0.6573
Epoch 10 - aggregate: mean_blend:0.0207   aggregate:0.06527651858567543(0.02) 
Epoch 10 - aggregate: max_blend: 0.0213    aggregate:0.05869720830350751(0.02) 
========== fold: 0 result ==========
(0.02137322045100223, 0.0668088130774698, 0.02)
========== fold: 1 training ==========
Epoch 1 - avg_train_loss: 0.1695  avg_val_loss: 0.5047  time: 444s
Epoch 1 - the pf1: 0.0215  the optimal pf1: 0.0376   thresh:0.0200 
Epoch 1 - f1_score:0.0376   auc: 0.4892
Epoch 1 - aggregate: mean_blend:0.0221   aggregate:0.03711827231314324(0.02) 
Epoch 1 - aggregate: max_blend: 0.0224    aggregate:0.03663366336633663(0.02) 
Epoch 1 - Save Best Score: 0.0215 Model
Epoch 2 - avg_train_loss: 0.1062  avg_val_loss: 0.0976  time: 444s
Epoch 2 - the pf1: 0.0190  the optimal pf1: 0.0374   thresh:0.0000 
Epoch 2 - f1_score:0.0374   auc: 0.4846
Epoch 2 - aggregate: mean_blend:0.0189   aggregate:0.0365793376173999(0.0) 
Epoch 2 - aggregate: max_blend: 0.0189    aggregate:0.0365793376173999(0.0) 
Epoch 3 - avg_train_loss: 0.1064  avg_val_loss: 0.0949  time: 442s
Epoch 3 - the pf1: 0.0205  the optimal pf1: 0.0386   thresh:0.0200 
Epoch 3 - f1_score:0.0386   auc: 0.5741
Epoch 3 - aggregate: mean_blend:0.0202   aggregate:0.03884738527214514(0.02) 
Epoch 3 - aggregate: max_blend: 0.0211    aggregate:0.0365793376173999(0.0) 
Epoch 4 - avg_train_loss: 0.1062  avg_val_loss: 0.0945  time: 450s
Epoch 4 - the pf1: 0.0200  the optimal pf1: 0.0431   thresh:0.0200 
Epoch 4 - f1_score:0.0431   auc: 0.5749
Epoch 4 - aggregate: mean_blend:0.0197   aggregate:0.042465349454438216(0.02) 
Epoch 4 - aggregate: max_blend: 0.0201    aggregate:0.04059216809933142(0.02) 
========== fold: 0 training ==========
