========== fold: 0 training ==========
========== fold: 0 training ==========
========== fold: 0 training ==========
========== fold: 0 training ==========
========== fold: 0 training ==========
========== fold: 0 training ==========
========== fold: 0 training ==========
========== fold: 0 training ==========
========== fold: 0 training ==========
========== fold: 0 training ==========
========== fold: 0 training ==========
========== fold: 0 training ==========
========== fold: 0 training ==========
========== fold: 0 training ==========
========== fold: 0 training ==========
Epoch 1 - avg_train_loss: 0.2098  avg_val_loss: 0.0428  time: 14s
Epoch 1 - the pf1: 0.0121  aggregate: mean_blend:0.0124   max_blend: 0.0121
Epoch 1 - f1_score:0.0000   auc: 0.9686  
                      the optimal pf1: 0.0165   thresh:0.0000
Epoch 1 - Save Best Score: 0.0121 Model
========== fold: 0 training ==========
Epoch 1 - avg_train_loss: 0.2098  avg_val_loss: 0.0428  time: 14s
Epoch 1 - the pf1: 0.0121  aggregate: mean_blend:0.0124   max_blend: 0.0121
Epoch 1 - f1_score:0.0000   auc: 0.9686  
                      the optimal pf1: 0.0165   thresh:0.0000
Epoch 1 - Save Best Score: 0.0121 Model
Epoch 2 - avg_train_loss: 0.1210  avg_val_loss: 0.0439  time: 11s
Epoch 2 - the pf1: 0.0129  aggregate: mean_blend:0.0133   max_blend: 0.0174
Epoch 2 - f1_score:0.0000   auc: 0.8326  
                      the optimal pf1: 0.0165   thresh:0.0000
Epoch 2 - Save Best Score: 0.0129 Model
========== fold: 0 result ==========
========== fold: 1 training ==========
========== fold: 0 training ==========
Epoch 1 - avg_train_loss: 0.2098  avg_val_loss: 0.0428  time: 14s
Epoch 1 - the pf1: 0.0121  aggregate: mean_blend:0.0124   max_blend: 0.0121
Epoch 1 - f1_score:0.0000   auc: 0.9686  
                      the optimal pf1: 0.0165   thresh:0.0000
Epoch 1 - Save Best Score: 0.0121 Model
Epoch 2 - avg_train_loss: 0.1210  avg_val_loss: 0.0439  time: 11s
Epoch 2 - the pf1: 0.0129  aggregate: mean_blend:0.0133   max_blend: 0.0174
Epoch 2 - f1_score:0.0000   auc: 0.8326  
                      the optimal pf1: 0.0165   thresh:0.0000
Epoch 2 - Save Best Score: 0.0129 Model
========== fold: 0 result ==========
========== fold: 1 training ==========
Epoch 1 - avg_train_loss: 0.1428  avg_val_loss: 0.2544  time: 11s
Epoch 1 - the pf1: 0.0042  aggregate: mean_blend:0.0042   max_blend: 0.0057
Epoch 1 - f1_score:0.0000   auc: 0.5662  
                      the optimal pf1: 0.0769   thresh:0.0000
Epoch 1 - Save Best Score: 0.0042 Model
Epoch 2 - avg_train_loss: 0.0797  avg_val_loss: 0.2988  time: 11s
Epoch 2 - the pf1: 0.0012  aggregate: mean_blend:0.0012   max_blend: 0.0014
Epoch 2 - f1_score:0.0000   auc: 0.4800  
                      the optimal pf1: 0.0769   thresh:0.0000
========== fold: 1 result ==========
========== CV ==========
========== fold: 0 training ==========
Epoch 1 - avg_train_loss: 0.1352  avg_val_loss: 0.0957  time: 443s
Epoch 1 - the pf1: 0.0161  aggregate: mean_blend:0.0161   max_blend: 0.0164
Epoch 1 - f1_score:0.0000   auc: 0.5493  
                      the optimal pf1: 0.0375   thresh:0.0000
Epoch 1 - Save Best Score: 0.0161 Model
Epoch 2 - avg_train_loss: 0.1257  avg_val_loss: 0.1188  time: 439s
Epoch 2 - the pf1: 0.0058  aggregate: mean_blend:0.0055   max_blend: 0.0077
Epoch 2 - f1_score:0.0000   auc: 0.6624  
                      the optimal pf1: 0.0375   thresh:0.0000
Epoch 3 - avg_train_loss: 0.1244  avg_val_loss: 0.1147  time: 436s
Epoch 3 - the pf1: 0.0258  aggregate: mean_blend:0.0223   max_blend: 0.0480
Epoch 3 - f1_score:0.0151   auc: 0.6937  
                      the optimal pf1: 0.0692   thresh:0.0200
Epoch 3 - Save Best Score: 0.0258 Model
Epoch 4 - avg_train_loss: 0.1133  avg_val_loss: 0.0974  time: 435s
Epoch 4 - the pf1: 0.0309  aggregate: mean_blend:0.0273   max_blend: 0.0471
Epoch 4 - f1_score:0.0151   auc: 0.7292  
                      the optimal pf1: 0.1501   thresh:0.0200
Epoch 4 - Save Best Score: 0.0309 Model
Epoch 5 - avg_train_loss: 0.1101  avg_val_loss: 0.1287  time: 437s
Epoch 5 - the pf1: 0.0336  aggregate: mean_blend:0.0288   max_blend: 0.0551
Epoch 5 - f1_score:0.0293   auc: 0.7290  
                      the optimal pf1: 0.0550   thresh:0.0200
Epoch 5 - Save Best Score: 0.0336 Model
Epoch 6 - avg_train_loss: 0.1035  avg_val_loss: 0.1256  time: 436s
Epoch 6 - the pf1: 0.1038  aggregate: mean_blend:0.0992   max_blend: 0.1392
Epoch 6 - f1_score:0.1036   auc: 0.7243  
                      the optimal pf1: 0.1472   thresh:0.0400
Epoch 6 - Save Best Score: 0.1038 Model
Epoch 7 - avg_train_loss: 0.0855  avg_val_loss: 0.1168  time: 439s
Epoch 7 - the pf1: 0.0639  aggregate: mean_blend:0.0587   max_blend: 0.0962
Epoch 7 - f1_score:0.0557   auc: 0.7228  
                      the optimal pf1: 0.1541   thresh:0.0200
Epoch 8 - avg_train_loss: 0.0792  avg_val_loss: 0.1271  time: 436s
Epoch 8 - the pf1: 0.0849  aggregate: mean_blend:0.0841   max_blend: 0.1465
Epoch 8 - f1_score:0.0803   auc: 0.7106  
                      the optimal pf1: 0.1367   thresh:0.0200
Epoch 9 - avg_train_loss: 0.0671  avg_val_loss: 0.1244  time: 434s
Epoch 9 - the pf1: 0.1101  aggregate: mean_blend:0.1079   max_blend: 0.1588
Epoch 9 - f1_score:0.1111   auc: 0.7182  
                      the optimal pf1: 0.1488   thresh:0.1000
Epoch 9 - Save Best Score: 0.1101 Model
